[   35740ms] [WARNING] The width(-1) and height(-1) of chart should be greater than 0,
       please check the style of container, or the props width(100%) and height(100%),
       or add a minWidth(0) or minHeight(undefined) or use aspect(undefined) to control the
       height and width. @ https://erp-quotation.vercel.app/assets/index-BxxJz-v7.js:256
[   41209ms] [WARNING] The width(-1) and height(-1) of chart should be greater than 0,
       please check the style of container, or the props width(100%) and height(100%),
       or add a minWidth(0) or minHeight(undefined) or use aspect(undefined) to control the
       height and width. @ https://erp-quotation.vercel.app/assets/index-BxxJz-v7.js:256
[   41209ms] [WARNING] The width(-1) and height(-1) of chart should be greater than 0,
       please check the style of container, or the props width(100%) and height(100%),
       or add a minWidth(0) or minHeight(undefined) or use aspect(undefined) to control the
       height and width. @ https://erp-quotation.vercel.app/assets/index-BxxJz-v7.js:256
[   41214ms] [WARNING] Mixed Content: The page at 'https://erp-quotation.vercel.app/' was loaded over HTTPS, but requested an insecure element 'http://apiord.maitriceramic.com/DCAccount/6288925a-7a75-4cb0-bf41-c1698cf10e42.jpeg'. This request was automatically upgraded to HTTPS, For more information see https://blog.chromium.org/2019/10/no-more-mixed-messages-about-https.html @ https://erp-quotation.vercel.app/:0
[   41214ms] [WARNING] Mixed Content: The page at 'https://erp-quotation.vercel.app/' was loaded over HTTPS, but requested an insecure element 'http://apiord.maitriceramic.com/DCAccount/34646e28-103f-4993-b06f-8b8e7f9daa64.jpeg'. This request was automatically upgraded to HTTPS, For more information see https://blog.chromium.org/2019/10/no-more-mixed-messages-about-https.html @ https://erp-quotation.vercel.app/:0
[   41214ms] [WARNING] Mixed Content: The page at 'https://erp-quotation.vercel.app/' was loaded over HTTPS, but requested an insecure element 'http://apiord.maitriceramic.com/DCProduct/60e4e89b-1866-4ff3-9fcd-66b7531e485e.jpg'. This request was automatically upgraded to HTTPS, For more information see https://blog.chromium.org/2019/10/no-more-mixed-messages-about-https.html @ https://erp-quotation.vercel.app/:0
[   41214ms] [WARNING] Mixed Content: The page at 'https://erp-quotation.vercel.app/' was loaded over HTTPS, but requested an insecure element 'http://apiord.maitriceramic.com/DCProduct/f86ac3a1-a9f2-444f-b19e-83e336b8b223.jpg'. This request was automatically upgraded to HTTPS, For more information see https://blog.chromium.org/2019/10/no-more-mixed-messages-about-https.html @ https://erp-quotation.vercel.app/:0
[   41214ms] [WARNING] Mixed Content: The page at 'https://erp-quotation.vercel.app/' was loaded over HTTPS, but requested an insecure element 'http://apiord.maitriceramic.com/DCProduct/04629a63-13d8-4c23-aa53-6bbc9b8a043b.jpg'. This request was automatically upgraded to HTTPS, For more information see https://blog.chromium.org/2019/10/no-more-mixed-messages-about-https.html @ https://erp-quotation.vercel.app/:0
[   41214ms] [WARNING] Mixed Content: The page at 'https://erp-quotation.vercel.app/' was loaded over HTTPS, but requested an insecure element 'http://apiord.maitriceramic.com/DCProduct/6f52a2b4-f775-4627-8a68-40cae43ce92c.jpg'. This request was automatically upgraded to HTTPS, For more information see https://blog.chromium.org/2019/10/no-more-mixed-messages-about-https.html @ https://erp-quotation.vercel.app/:0
[   41214ms] [WARNING] Mixed Content: The page at 'https://erp-quotation.vercel.app/' was loaded over HTTPS, but requested an insecure element 'http://apiord.maitriceramic.com/DCProduct/7c76fa05-2025-482e-bc44-d7eb1f34e0c6.jpg'. This request was automatically upgraded to HTTPS, For more information see https://blog.chromium.org/2019/10/no-more-mixed-messages-about-https.html @ https://erp-quotation.vercel.app/:0
[   41214ms] [WARNING] Mixed Content: The page at 'https://erp-quotation.vercel.app/' was loaded over HTTPS, but requested an insecure element 'http://apiord.maitriceramic.com/DCProduct/619f2681-8984-42c8-a2cd-7597d728fce9.jpg'. This request was automatically upgraded to HTTPS, For more information see https://blog.chromium.org/2019/10/no-more-mixed-messages-about-https.html @ https://erp-quotation.vercel.app/:0
